warning: for p.o. reduction to be valid the never claim must be stutter-closed
(never claims generated from LTL formulae are stutter-closed)
(Spin Version 2.9.3 -- 5 October 1996)
	+ Partial Order Reduction

Bit statespace search for:
	never-claim         	+
	assertion violations	+ (if within scope of claim)
	acceptance   cycles 	+ (fairness disabled)
	invalid endstates	- (disabled by never-claim)

State-vector 96 byte, depth reached 228, errors: 0
   64502 states, stored
   80456 states, matched
  144958 transitions (= stored+matched)
       5 atomic steps
1658 lost messages
hash factor: 2.03203 (best coverage if >100)
(max size 2^17 states)

3.01922e+07	equivalent memory usage in bytes (stored*vector + stack)
2.41148e+07	actual memory usage

unreached in proctype macuser1
	(0 of 4 states)
unreached in proctype macuser2
	(0 of 11 states)
unreached in proctype llcnoloss
	line 18, state 13, "-end-"
	(1 of 13 states)
unreached in proctype applicant
	line 25, state 12, "assert(0)"
	line 38, state 25, "jointimer = 0"
	line 39, state 26, "appl_to_llc[n]!leave"
	line 40, state 27, "state = 1"
	line 41, state 29, "assert(0)"
	line 56, state 43, "jointimer = 1"
	line 57, state 44, "state = 2"
	line 58, state 46, "assert(0)"
	line 71, state 60, "assert(0)"
	line 87, state 76, "assert(0)"
	line 91, state 82, "-end-"
	(11 of 82 states)
unreached in proctype registrar
	line 28, state 15, "assert(0)"
	line 34, state 21, "leavetimer = 1"
	line 36, state 23, "leavetimer = 1"
	line 40, state 28, "assert(0)"
	line 55, state 43, "assert(0)"
	line 59, state 49, "-end-"
	(6 of 49 states)
unreached in proctype :init:
	(0 of 8 states)
5.99user 0.52system 0:23.33elapsed 27%CPU (0avgtext+0avgdata 0maxresident)k
0inputs+0outputs (0major+0minor)pagefaults 0swaps
